<?xml version="1.0" encoding="UTF-8"?>
<!-- Generated by org.testng.reporters.JUnitReportReporter -->
<testsuite hostname="LAPTOP-34LTDR7D" name="scripts.Tripadvise" tests="1" failures="0" timestamp="26 Dec 2019 10:22:04 GMT" time="46.658" errors="0">
  <testcase name="clubMahindra" time="46.658" classname="scripts.Tripadvise"/>
</testsuite> <!-- scripts.Tripadvise -->
